execve("./hello", ["./hello"], 0x7ffeacc2ee08 /* 30 vars */) = 0 <0.000254>
brk(NULL)                               = 0x56337c0bc000 <0.000080>
arch_prctl(0x3001 /* ARCH_??? */, 0x7fff4b92c6e0) = -1 EINVAL (Invalid argument) <0.000069>
mmap(NULL, 8192, PROT_READ|PROT_WRITE, MAP_PRIVATE|MAP_ANONYMOUS, -1, 0) = 0x7f8337536000 <0.000068>
access("/etc/ld.so.preload", R_OK)      = -1 ENOENT (No such file or directory) <0.000071>
openat(AT_FDCWD, "/etc/ld.so.cache", O_RDONLY|O_CLOEXEC) = 3 <0.000078>
newfstatat(3, "", {st_mode=S_IFREG|0644, st_size=29299, ...}, AT_EMPTY_PATH) = 0 <0.000056>
mmap(NULL, 29299, PROT_READ, MAP_PRIVATE, 3, 0) = 0x7f833752e000 <0.000056>
close(3)                                = 0 <0.000054>
openat(AT_FDCWD, "/lib/x86_64-linux-gnu/libc.so.6", O_RDONLY|O_CLOEXEC) = 3 <0.000058>
read(3, "\177ELF\2\1\1\3\0\0\0\0\0\0\0\0\3\0>\0\1\0\0\0P\237\2\0\0\0\0\0"..., 832) = 832 <0.000055>
pread64(3, "\6\0\0\0\4\0\0\0@\0\0\0\0\0\0\0@\0\0\0\0\0\0\0@\0\0\0\0\0\0\0"..., 784, 64) = 784 <0.000055>
pread64(3, "\4\0\0\0 \0\0\0\5\0\0\0GNU\0\2\0\0\300\4\0\0\0\3\0\0\0\0\0\0\0"..., 48, 848) = 48 <0.000065>
pread64(3, "\4\0\0\0\24\0\0\0\3\0\0\0GNU\0\244;\374\204(\337f#\315I\214\234\f\256\271\32"..., 68, 896) = 68 <0.000054>
newfstatat(3, "", {st_mode=S_IFREG|0755, st_size=2216304, ...}, AT_EMPTY_PATH) = 0 <0.000056>
pread64(3, "\6\0\0\0\4\0\0\0@\0\0\0\0\0\0\0@\0\0\0\0\0\0\0@\0\0\0\0\0\0\0"..., 784, 64) = 784 <0.000055>
mmap(NULL, 2260560, PROT_READ, MAP_PRIVATE|MAP_DENYWRITE, 3, 0) = 0x7f8337306000 <0.000056>
mmap(0x7f833732e000, 1658880, PROT_READ|PROT_EXEC, MAP_PRIVATE|MAP_FIXED|MAP_DENYWRITE, 3, 0x28000) = 0x7f833732e000 <0.000061>
mmap(0x7f83374c3000, 360448, PROT_READ, MAP_PRIVATE|MAP_FIXED|MAP_DENYWRITE, 3, 0x1bd000) = 0x7f83374c3000 <0.000058>
mmap(0x7f833751b000, 24576, PROT_READ|PROT_WRITE, MAP_PRIVATE|MAP_FIXED|MAP_DENYWRITE, 3, 0x214000) = 0x7f833751b000 <0.000059>
mmap(0x7f8337521000, 52816, PROT_READ|PROT_WRITE, MAP_PRIVATE|MAP_FIXED|MAP_ANONYMOUS, -1, 0) = 0x7f8337521000 <0.000067>
close(3)                                = 0 <0.000054>
mmap(NULL, 12288, PROT_READ|PROT_WRITE, MAP_PRIVATE|MAP_ANONYMOUS, -1, 0) = 0x7f8337303000 <0.000056>
arch_prctl(ARCH_SET_FS, 0x7f8337303740) = 0 <0.000111>
set_tid_address(0x7f8337303a10)         = 1105 <0.000062>
set_robust_list(0x7f8337303a20, 24)     = 0 <0.000057>
rseq(0x7f83373040e0, 0x20, 0, 0x53053053) = 0 <0.000067>
mprotect(0x7f833751b000, 16384, PROT_READ) = 0 <0.000108>
mprotect(0x56337a73f000, 4096, PROT_READ) = 0 <0.000107>
mprotect(0x7f8337570000, 8192, PROT_READ) = 0 <0.000107>
prlimit64(0, RLIMIT_STACK, NULL, {rlim_cur=8192*1024, rlim_max=RLIM64_INFINITY}) = 0 <0.000067>
munmap(0x7f833752e000, 29299)           = 0 <0.000099>
newfstatat(1, "", {st_mode=S_IFCHR|0620, st_rdev=makedev(0x88, 0), ...}, AT_EMPTY_PATH) = 0 <0.000067>
getrandom("\x2c\xa4\xc9\x91\x5d\xf2\xb5\x58", 8, GRND_NONBLOCK) = 8 <0.000102>
brk(NULL)                               = 0x56337c0bc000 <0.000062>
brk(0x56337c0dd000)                     = 0x56337c0dd000 <0.000102>
write(1, "hello world\n", 12)           = 12 <0.000179>
exit_group(0)                           = ?
+++ exited with 0 +++
